{"content": {"suites": {"0": {"status": {"total_pass": 0, "total_skip": 0, "total_xpass": 0, "total_xfail": 0, "total_rerun": 0, "total_fail": 1, "total_error": 0}, "tests": {"0": {"status": "FAIL", "message": "   selenium.common.exceptions.NoSuchElementException: Message: no such element: Unable to locate element: {\"method\":\"xpath\",\"selector\":\"//div[contains(@class, 'MuiFormControl-root')][1]//input\"}\n     (Session info: chrome=120.0.6099.224); For documentation on this error, please visit: https://www.selenium.dev/documentation/webdriver/troubleshooting/errors#no-such-element-exception\n   Stacktrace:\n   #0 0x56464133cf83 <unknown>\n   #1 0x564640ff5cf7 <unknown>\n   #2 0x56464104599e <unknown>\n   #3 0x564641045aa1 <unknown>\n   #4 0x564641090d64 <unknown>\n   #5 0x56464106f0dd <unknown>\n   #6 0x56464108e006 <unknown>\n   #7 0x56464106ee53 <unknown>\n   #8 0x564641036dd4 <unknown>\n   #9 0x5646410381de <unknown>\n   #10 0x564641301531 <unknown>\n   #11 0x564641305455 <unknown>\n   #12 0x5646412edf55 <unknown>\n   #13 0x5646413060ef <unknown>\n   #14 0x5646412d199f <unknown>\n   #15 0x56464132a008 <unknown>\n   #16 0x56464132a1d7 <unknown>\n   #17 0x56464133c124 <unknown>\n   #18 0x7fa8a1c94ac3 <unknown>\n", "test_name": "test_occurrences_open", "rerun": "0"}}, "suite_name": "test_dashboard.py"}, "1": {"suite_name": "test_register_user.py", "tests": {"0": {"status": "FAIL", "message": "   selenium.common.exceptions.NoSuchElementException: Message: no such element: Unable to locate element: {\"method\":\"xpath\",\"selector\":\"//div[contains(@class, 'MuiFormControl-root')][1]//input\"}\n     (Session info: chrome=120.0.6099.224); For documentation on this error, please visit: https://www.selenium.dev/documentation/webdriver/troubleshooting/errors#no-such-element-exception\n   Stacktrace:\n   #0 0x5581c38bdf83 <unknown>\n   #1 0x5581c3576cf7 <unknown>\n   #2 0x5581c35c699e <unknown>\n   #3 0x5581c35c6aa1 <unknown>\n   #4 0x5581c3611d64 <unknown>\n   #5 0x5581c35f00dd <unknown>\n   #6 0x5581c360f006 <unknown>\n   #7 0x5581c35efe53 <unknown>\n   #8 0x5581c35b7dd4 <unknown>\n   #9 0x5581c35b91de <unknown>\n   #10 0x5581c3882531 <unknown>\n   #11 0x5581c3886455 <unknown>\n   #12 0x5581c386ef55 <unknown>\n   #13 0x5581c38870ef <unknown>\n   #14 0x5581c385299f <unknown>\n   #15 0x5581c38ab008 <unknown>\n   #16 0x5581c38ab1d7 <unknown>\n   #17 0x5581c38bd124 <unknown>\n   #18 0x7f7b7e694ac3 <unknown>\n", "test_name": "test_register_user", "rerun": "0"}}, "status": {"total_pass": 0, "total_skip": 0, "total_xpass": 0, "total_xfail": 0, "total_rerun": 0, "total_fail": 1, "total_error": 0}}}}, "date": "February 23, 2024", "start_time": 1708704912.8058805, "total_suite": 2, "status": "FAIL", "status_list": {"pass": "0", "fail": "2", "skip": "0", "error": "0", "xpass": "0", "xfail": "0", "rerun": "0"}, "total_tests": "2"}